Screen 0: minimum 320 x 200, current 5040 x 2138, maximum 8192 x 8192
eDP-1 connected 1920x1080+3120+1058 (normal left inverted right x axis y axis) 309mm x 174mm
   2560x1440     60.05 +
   1920x1440     60.00  
   1856x1392     60.01  
   1792x1344     60.01  
   1920x1200     59.95  
   1920x1080     59.93* 
   1600x1200     60.00  
   1680x1050     59.95    59.88  
   1600x1024     60.17  
   1400x1050     59.98  
   1280x1024     60.02  
   1440x900      59.89  
   1280x960      60.00  
   1360x768      59.80    59.96  
   1152x864      60.00  
   1024x768      60.04    60.00  
   960x720       60.00  
   928x696       60.05  
   896x672       60.01  
   960x600       60.00  
   960x540       59.99  
   800x600       60.00    60.32    56.25  
   840x525       60.01    59.88  
   800x512       60.17  
   700x525       59.98  
   640x512       60.02  
   720x450       59.89  
   640x480       60.00    59.94  
   680x384       59.80    59.96  
   576x432       60.06  
   512x384       60.00  
   400x300       60.32    56.34  
   320x240       60.05  
DP-1 connected 1200x1920+1920+0 left (normal left inverted right x axis y axis) 546mm x 352mm
   1920x1200     59.95*+
   1920x1080     60.00  
   1600x1200     60.00  
   1680x1050     59.95  
   1280x1024     60.02  
   1440x900      59.89  
   1280x960      60.00  
   1024x768      60.00  
   800x600       60.32  
   640x480       59.94  
HDMI-1 disconnected (normal left inverted right x axis y axis)
DP-2 disconnected (normal left inverted right x axis y axis)
HDMI-2 disconnected (normal left inverted right x axis y axis)
DP-2-1 disconnected (normal left inverted right x axis y axis)
DP-2-2 connected 1920x1200+0+368 (normal left inverted right x axis y axis) 546mm x 352mm
   1920x1200     59.95*+
   1920x1080     60.00  
   1600x1200     60.00  
   1680x1050     59.95  
   1280x1024     60.02  
   1440x900      59.89  
   1280x960      60.00  
   1024x768      60.00  
   800x600       60.32  
   640x480       59.94  
DP-2-3 disconnected (normal left inverted right x axis y axis)
